<?xml version="1.0" encoding="UTF-8"?>
<!-- Generated by org.testng.reporters.JUnitReportReporter -->
<testsuite skipped="0" hostname="TK-MacBookPro16.T-mobile.com" name="com.TestClass.TestClass" tests="8" failures="0" timestamp="2022-07-10T02:26:05 EDT" time="48.140" errors="0">
  <testcase name="autoQuoteTest" time="5.902" classname="com.TestClass.TestClass"/>
  <system-out/>
  <testcase name="autoQuoteTest" time="7.415" classname="com.TestClass.TestClass"/>
  <system-out/>
  <testcase name="autoQuoteTest" time="5.476" classname="com.TestClass.TestClass"/>
  <system-out/>
  <testcase name="autoQuoteTest" time="6.220" classname="com.TestClass.TestClass"/>
  <system-out/>
  <testcase name="autoQuoteTest" time="5.613" classname="com.TestClass.TestClass"/>
  <system-out/>
  <testcase name="autoQuoteTest" time="5.903" classname="com.TestClass.TestClass"/>
  <system-out/>
  <testcase name="autoQuoteTest" time="5.820" classname="com.TestClass.TestClass"/>
  <system-out/>
  <testcase name="autoQuoteTest" time="5.791" classname="com.TestClass.TestClass"/>
  <system-out/>
</testsuite> <!-- com.TestClass.TestClass -->
